<?xml version="1.0" encoding="UTF-8"?>
<!-- Generated by org.testng.reporters.JUnitReportReporter -->
<testsuite skipped="0" hostname="SAPECC6EHP7" name="com.freecrm.testcases.LoginPageTest" tests="3" failures="0" timestamp="08 Jul 2018 16:55:53 GMT" time="46.057" errors="0">
  <testcase name="loginPageTitleTest" time="8.190" classname="com.freecrm.testcases.LoginPageTest"/>
  <testcase name="crmLogoValidate" time="9.823" classname="com.freecrm.testcases.LoginPageTest"/>
  <testcase name="loginTest" time="28.044" classname="com.freecrm.testcases.LoginPageTest"/>
</testsuite> <!-- com.freecrm.testcases.LoginPageTest -->
